# JRE version: Java(TM) SE Runtime Environment (17.0.10+11) (build 17.0.10+11-LTS-240)
# Java VM: Java HotSpot(TM) 64-Bit Server VM (17.0.10+11-LTS-240, mixed mode, sharing, tiered, compressed oops, compressed class ptrs, g1 gc, windows-amd64)
GC Precious Log:
 CPUs: 4 total, 4 available
 Memory: 8076M
 Large Page Support: Disabled
 NUMA Support: Disabled
 Compressed Oops: Enabled (32-bit)
 Heap Region Size: 1M
 Heap Min Capacity: 8M
 Heap Initial Capacity: 128M
 Heap Max Capacity: 1536M
 Pre-touch: Disabled
 Parallel Workers: 4
 Concurrent Workers: 1
 Concurrent Refinement Workers: 4
 Periodic GC: Disabled
Heap:
 garbage-first heap   total 507904K, used 170351K [0x00000000a0000000, 0x0000000100000000)
  region size 1024K, 28 young (28672K), 2 survivors (2048K)
 Metaspace       used 60842K, committed 61376K, reserved 1114112K
  class space    used 7235K, committed 7552K, reserved 1048576K
GC Heap History (20 events):
Event: 3593.088 GC heap before
{Heap before GC invocations=36 (full 0):
 garbage-first heap   total 253952K, used 196246K [0x00000000a0000000, 0x0000000100000000)
  region size 1024K, 69 young (70656K), 2 survivors (2048K)
 Metaspace       used 59670K, committed 60160K, reserved 1114112K
  class space    used 7148K, committed 7424K, reserved 1048576K
}
Event: 3593.251 GC heap after
{Heap after GC invocations=37 (full 0):
 garbage-first heap   total 253952K, used 124221K [0x00000000a0000000, 0x0000000100000000)
  region size 1024K, 9 young (9216K), 9 survivors (9216K)
 Metaspace       used 59670K, committed 60160K, reserved 1114112K
  class space    used 7148K, committed 7424K, reserved 1048576K
}
Event: 3593.578 GC heap before
{Heap before GC invocations=37 (full 0):
 garbage-first heap   total 253952K, used 126269K [0x00000000a0000000, 0x0000000100000000)
  region size 1024K, 12 young (12288K), 9 survivors (9216K)
 Metaspace       used 59670K, committed 60160K, reserved 1114112K
  class space    used 7148K, committed 7424K, reserved 1048576K
}
Event: 3593.633 GC heap after
{Heap after GC invocations=38 (full 0):
 garbage-first heap   total 253952K, used 110701K [0x00000000a0000000, 0x0000000100000000)
  region size 1024K, 2 young (2048K), 2 survivors (2048K)
 Metaspace       used 59670K, committed 60160K, reserved 1114112K
  class space    used 7148K, committed 7424K, reserved 1048576K
}
Event: 3594.390 GC heap before
{Heap before GC invocations=38 (full 0):
 garbage-first heap   total 253952K, used 121965K [0x00000000a0000000, 0x0000000100000000)
  region size 1024K, 12 young (12288K), 2 survivors (2048K)
 Metaspace       used 59696K, committed 60160K, reserved 1114112K
  class space    used 7148K, committed 7424K, reserved 1048576K
}
Event: 3594.422 GC heap after
{Heap after GC invocations=39 (full 0):
 garbage-first heap   total 253952K, used 109917K [0x00000000a0000000, 0x0000000100000000)
  region size 1024K, 2 young (2048K), 2 survivors (2048K)
 Metaspace       used 59696K, committed 60160K, reserved 1114112K
  class space    used 7148K, committed 7424K, reserved 1048576K
}
Event: 3594.716 GC heap before
{Heap before GC invocations=39 (full 0):
 garbage-first heap   total 253952K, used 119133K [0x00000000a0000000, 0x0000000100000000)
  region size 1024K, 12 young (12288K), 2 survivors (2048K)
 Metaspace       used 59724K, committed 60160K, reserved 1114112K
  class space    used 7148K, committed 7424K, reserved 1048576K
}
Event: 3594.841 GC heap after
{Heap after GC invocations=40 (full 0):
 garbage-first heap   total 253952K, used 91986K [0x00000000a0000000, 0x0000000100000000)
  region size 1024K, 2 young (2048K), 2 survivors (2048K)
 Metaspace       used 59724K, committed 60160K, reserved 1114112K
  class space    used 7148K, committed 7424K, reserved 1048576K
}
Event: 3595.160 GC heap before
{Heap before GC invocations=40 (full 0):
 garbage-first heap   total 253952K, used 104274K [0x00000000a0000000, 0x0000000100000000)
  region size 1024K, 14 young (14336K), 2 survivors (2048K)
 Metaspace       used 59778K, committed 60224K, reserved 1114112K
  class space    used 7149K, committed 7424K, reserved 1048576K
}
Event: 3595.191 GC heap after
{Heap after GC invocations=41 (full 0):
 garbage-first heap   total 507904K, used 95232K [0x00000000a0000000, 0x0000000100000000)
  region size 1024K, 2 young (2048K), 2 survivors (2048K)
 Metaspace       used 59778K, committed 60224K, reserved 1114112K
  class space    used 7149K, committed 7424K, reserved 1048576K
}
Event: 3596.202 GC heap before
{Heap before GC invocations=41 (full 0):
 garbage-first heap   total 507904K, used 155648K [0x00000000a0000000, 0x0000000100000000)
  region size 1024K, 61 young (62464K), 2 survivors (2048K)
 Metaspace       used 59808K, committed 60288K, reserved 1114112K
  class space    used 7149K, committed 7424K, reserved 1048576K
}
Event: 3596.227 GC heap after
{Heap after GC invocations=42 (full 0):
 garbage-first heap   total 507904K, used 105107K [0x00000000a0000000, 0x0000000100000000)
  region size 1024K, 8 young (8192K), 8 survivors (8192K)
 Metaspace       used 59808K, committed 60288K, reserved 1114112K
  class space    used 7149K, committed 7424K, reserved 1048576K
}
Event: 3598.645 GC heap before
{Heap before GC invocations=42 (full 0):
 garbage-first heap   total 507904K, used 180883K [0x00000000a0000000, 0x0000000100000000)
  region size 1024K, 82 young (83968K), 8 survivors (8192K)
 Metaspace       used 59986K, committed 60416K, reserved 1114112K
  class space    used 7152K, committed 7424K, reserved 1048576K
}
Event: 3598.694 GC heap after
{Heap after GC invocations=43 (full 0):
 garbage-first heap   total 507904K, used 112196K [0x00000000a0000000, 0x0000000100000000)
  region size 1024K, 7 young (7168K), 7 survivors (7168K)
 Metaspace       used 59986K, committed 60416K, reserved 1114112K
  class space    used 7152K, committed 7424K, reserved 1048576K
}
Event: 3600.207 GC heap before
{Heap before GC invocations=43 (full 0):
 garbage-first heap   total 507904K, used 177732K [0x00000000a0000000, 0x0000000100000000)
  region size 1024K, 69 young (70656K), 7 survivors (7168K)
 Metaspace       used 60085K, committed 60544K, reserved 1114112K
  class space    used 7152K, committed 7424K, reserved 1048576K
}
Event: 3600.239 GC heap after
{Heap after GC invocations=44 (full 0):
 garbage-first heap   total 507904K, used 118743K [0x00000000a0000000, 0x0000000100000000)
  region size 1024K, 5 young (5120K), 5 survivors (5120K)
 Metaspace       used 60085K, committed 60544K, reserved 1114112K
  class space    used 7152K, committed 7424K, reserved 1048576K
}
Event: 3770.104 GC heap before
{Heap before GC invocations=44 (full 0):
 garbage-first heap   total 507904K, used 271319K [0x00000000a0000000, 0x0000000100000000)
  region size 1024K, 148 young (151552K), 5 survivors (5120K)
 Metaspace       used 60700K, committed 61184K, reserved 1114112K
  class space    used 7218K, committed 7488K, reserved 1048576K
}
Event: 3770.243 GC heap after
{Heap after GC invocations=45 (full 0):
 garbage-first heap   total 507904K, used 141950K [0x00000000a0000000, 0x0000000100000000)
  region size 1024K, 19 young (19456K), 19 survivors (19456K)
 Metaspace       used 60700K, committed 61184K, reserved 1114112K
  class space    used 7218K, committed 7488K, reserved 1048576K
}
Event: 3770.569 GC heap before
{Heap before GC invocations=45 (full 0):
 garbage-first heap   total 507904K, used 150142K [0x00000000a0000000, 0x0000000100000000)
  region size 1024K, 27 young (27648K), 19 survivors (19456K)
 Metaspace       used 60755K, committed 61248K, reserved 1114112K
  class space    used 7222K, committed 7488K, reserved 1048576K
}
Event: 3770.632 GC heap after
{Heap after GC invocations=46 (full 0):
 garbage-first heap   total 507904K, used 144751K [0x00000000a0000000, 0x0000000100000000)
  region size 1024K, 2 young (2048K), 2 survivors (2048K)
 Metaspace       used 60755K, committed 61248K, reserved 1114112K
  class space    used 7222K, committed 7488K, reserved 1048576K
}

